<?xml version="1.0" encoding="UTF-8"?>
<!-- Generated by org.testng.reporters.JUnitXMLReporter -->
<testsuite hostname="user-PC" ignored="2" name="Test" tests="1" failures="1" timestamp="03 Sep 2018 06:13:02 GMT" time="39.71" errors="0">
  <testcase name="multicityworkflow" time="23.709" classname="com.flight.pages.testcases.Workflow">
    <failure type="java.lang.IndexOutOfBoundsException" message="Index: 0, Size: 0">
      <![CDATA[java.lang.IndexOutOfBoundsException: Index: 0, Size: 0
at java.util.ArrayList.rangeCheck(Unknown Source)
at java.util.ArrayList.get(Unknown Source)
at com.flight.pages.SearchPage.multicityselector(SearchPage.java:371)
at com.flight.pages.testcases.Workflow.multicityworkflow(Workflow.java:145)
... Removed 25 stack frames]]>
    </failure>
  </testcase> <!-- multicityworkflow -->
  <testcase name="onewayworkflow" time="0.0" classname="com.flight.pages.testcases.Workflow">
    <ignored/>
  </testcase> <!-- onewayworkflow -->
  <testcase name="roundtripworkflow" time="0.0" classname="com.flight.pages.testcases.Workflow">
    <ignored/>
  </testcase> <!-- roundtripworkflow -->
</testsuite> <!-- Test -->
